#-----------------------------------------------------------
# Vivado v2020.2 (64-bit)
# SW Build 3064766 on Wed Nov 18 09:12:45 MST 2020
# IP Build 3064653 on Wed Nov 18 14:17:31 MST 2020
# Start of session at: Mon Jun 21 22:07:30 2021
# Process ID: 13696
# Current directory: C:/Users/pedra/Desktop/PrimesCount/primesCount
# Command line: vivado.exe -gui_launcher_event rodinguilauncherevent36672 C:\Users\pedra\Desktop\PrimesCount\primesCount\primesCount.xpr
# Log file: C:/Users/pedra/Desktop/PrimesCount/primesCount/vivado.log
# Journal file: C:/Users/pedra/Desktop/PrimesCount/primesCount\vivado.jou
#-----------------------------------------------------------
start_gui
open_project C:/Users/pedra/Desktop/PrimesCount/primesCount/primesCount.xpr
INFO: [Project 1-313] Project file moved from 'C:/PrimesCount/primesCount' since last save.
Scanning sources...
Finished scanning sources
INFO: [IP_Flow 19-234] Refreshing IP repositories
INFO: [IP_Flow 19-1700] Loaded user IP repository 'c:/Users/pedra/Desktop/PrimesCount/ip_repo/isPrime_1.0'.
INFO: [IP_Flow 19-2313] Loaded Vivado IP repository 'C:/Xilinx/Vivado/2020.2/data/ip'.
open_project: Time (s): cpu = 00:00:51 ; elapsed = 00:00:29 . Memory (MB): peak = 999.262 ; gain = 0.000
update_compile_order -fileset sources_1
exit
INFO: [Common 17-206] Exiting Vivado at Mon Jun 21 22:09:40 2021...
